<?xml version="1.0" encoding="utf-8"?><testsuites name="pytest tests"><testsuite name="pytest" errors="0" failures="0" skipped="0" tests="16" time="5.479" timestamp="2026-01-07T04:26:04.475772+00:00" hostname="agent-env-d730bc1f-38c3-487f-93b3-a3dd60f34a82"><testcase classname="tests.test_triage_edit_features.TestAuthentication" name="test_login_success" time="0.336" /><testcase classname="tests.test_triage_edit_features.TestAuthentication" name="test_login_invalid_credentials" time="0.046" /><testcase classname="tests.test_triage_edit_features.TestTriageAnalyze" name="test_triage_priority_red_spo2_critical" time="0.313" /><testcase classname="tests.test_triage_edit_features.TestTriageAnalyze" name="test_triage_priority_red_gcs_critical" time="0.305" /><testcase classname="tests.test_triage_edit_features.TestTriageAnalyze" name="test_triage_priority_red_bp_critical" time="0.325" /><testcase classname="tests.test_triage_edit_features.TestTriageAnalyze" name="test_triage_priority_red_rr_critical" time="0.342" /><testcase classname="tests.test_triage_edit_features.TestTriageAnalyze" name="test_triage_priority_orange_moderate_hypoxia" time="0.297" /><testcase classname="tests.test_triage_edit_features.TestTriageAnalyze" name="test_triage_priority_yellow_mild_hypoxia" time="0.303" /><testcase classname="tests.test_triage_edit_features.TestTriageAnalyze" name="test_triage_priority_green_stable_vitals" time="0.341" /><testcase classname="tests.test_triage_edit_features.TestTriageAnalyze" name="test_triage_pediatric_age_detection" time="0.294" /><testcase classname="tests.test_triage_edit_features.TestTriageAnalyze" name="test_triage_adult_age_detection" time="0.296" /><testcase classname="tests.test_triage_edit_features.TestCaseEditStatus" name="test_edit_status_new_case" time="0.489" /><testcase classname="tests.test_triage_edit_features.TestCaseEditStatus" name="test_edit_status_not_found" time="0.297" /><testcase classname="tests.test_triage_edit_features.TestCaseUpdateEditCount" name="test_edit_count_increments_on_update" time="0.543" /><testcase classname="tests.test_triage_edit_features.TestCaseUpdateEditCount" name="test_free_user_edit_limit_enforcement" time="0.548" /><testcase classname="tests.test_triage_edit_features.TestTriageResponseStructure" name="test_triage_response_has_all_required_fields" time="0.300" /></testsuite></testsuites>