<?xml version="1.0" encoding="utf-8"?><testsuites name="pytest tests"><testsuite name="pytest" errors="0" failures="0" skipped="0" tests="12" time="1.293" timestamp="2026-01-04T16:30:48.711812+00:00" hostname="agent-env-0554e1cd-f6dd-4bf6-8400-cf054e3e9c50"><testcase classname="tests.test_examination_types.TestExaminationBooleanFields" name="test_boolean_fields_as_false" time="0.324" /><testcase classname="tests.test_examination_types.TestExaminationBooleanFields" name="test_boolean_fields_as_true" time="0.038" /><testcase classname="tests.test_examination_types.TestCvsPulseRateField" name="test_cvs_pulse_rate_as_integer" time="0.042" /><testcase classname="tests.test_examination_types.TestCvsPulseRateField" name="test_cvs_pulse_rate_as_null" time="0.040" /><testcase classname="tests.test_examination_types.TestCvsPulseRateField" name="test_cvs_pulse_rate_various_integers" time="0.203" /><testcase classname="tests.test_examination_types.TestCvsPrecordialHeaveField" name="test_cvs_precordial_heave_as_string" time="0.039" /><testcase classname="tests.test_examination_types.TestCvsPrecordialHeaveField" name="test_cvs_precordial_heave_various_strings" time="0.194" /><testcase classname="tests.test_examination_types.TestUpdateCaseWithCorrectTypes" name="test_update_examination_with_correct_types" time="0.122" /><testcase classname="tests.test_examination_types.TestInvalidTypesRejected" name="test_string_for_boolean_field_rejected" time="0.079" /><testcase classname="tests.test_examination_types.TestInvalidTypesRejected" name="test_empty_string_for_integer_field_rejected" time="0.042" /><testcase classname="tests.test_examination_types.TestInvalidTypesRejected" name="test_boolean_for_string_field_behavior" time="0.040" /><testcase classname="tests.test_examination_types.TestFullExaminationPayload" name="test_complete_examination_payload" time="0.072" /></testsuite></testsuites>