<?xml version="1.0" encoding="utf-8"?><testsuites name="pytest tests"><testsuite name="pytest" errors="0" failures="0" skipped="0" tests="5" time="0.668" timestamp="2026-01-02T09:05:41.904441+00:00" hostname="agent-env-99168e6b-e6a5-485a-8157-c53504aa376b"><testcase classname="tests.test_ermate_fixes.TestProceduresPerformedFix" name="test_create_case_with_procedures_performed" time="0.329" /><testcase classname="tests.test_ermate_fixes.TestProceduresPerformedFix" name="test_get_case_returns_procedures_performed" time="0.076" /><testcase classname="tests.test_ermate_fixes.TestProceduresPerformedFix" name="test_update_case_with_procedures" time="0.115" /><testcase classname="tests.test_ermate_fixes.TestExistingCaseWithProcedures" name="test_get_existing_case_eb29175c" time="0.042" /><testcase classname="tests.test_ermate_fixes.TestCaseListWithProcedures" name="test_list_cases_includes_procedures" time="0.041" /></testsuite></testsuites>